2014-22-11 21:21:49   INFO [Pages.BasePage] : User is logged in
2014-22-11 21:51:58   INFO [Pages.BasePage] : User is logged in
2014-22-11 21:52:42   INFO [Pages.BasePage] : User is logged in
2014-22-11 22:43:09   INFO [utils.WebDriverWrapper] : Entered xcvcxv into By.xpath: //div[@id='inputFirst']/input
2014-22-11 22:43:09   INFO [utils.WebDriverWrapper] : Entered vvxcv into By.xpath: //div[@id='inputLast']/input
2014-22-11 23:29:21   INFO [Pages.BasePage] : User is logged in
2014-22-11 23:29:32   INFO [Pages.BasePage] : User is logged in
2014-22-11 23:31:19   INFO [Pages.BasePage] : User is logged in
2014-22-11 23:33:12   INFO [Pages.BasePage] : User is logged in
2014-22-11 23:33:27   INFO [Pages.BasePage] : User is logged in
2014-22-11 23:33:52   INFO [Pages.BasePage] : User is logged in
2014-22-11 23:35:40   INFO [Pages.BasePage] : User is logged in
2014-22-11 23:35:56   INFO [Pages.BasePage] : User is logged in
2014-22-11 23:36:06   INFO [Pages.BasePage] : User is logged in
2014-22-11 23:36:16   INFO [Pages.BasePage] : User is logged in
2014-22-11 23:38:12   INFO [Pages.BasePage] : User is logged in
2014-22-11 23:38:26   INFO [Pages.BasePage] : User is logged in
2014-22-11 23:38:36   INFO [Pages.BasePage] : User is logged in
2014-22-11 23:38:45   INFO [Pages.BasePage] : User is logged in
2014-22-11 23:44:01   INFO [Pages.BasePage] : Home Page was opened
2014-22-11 23:44:06   INFO [Pages.BasePage] : LogIn button was clicked
2014-22-11 23:44:08   INFO [Pages.BasePage] : Entered email - vit.radchenko@gmail.com
2014-22-11 23:44:08   INFO [Pages.BasePage] : Entered email - QWErty654321
2014-22-11 23:44:08   INFO [Pages.BasePage] : Selected Check Box
2014-22-11 23:44:09   INFO [Pages.BasePage] : LogIn button was clicked
2014-22-11 23:44:09   INFO [Pages.BasePage] : User is logged in
2014-22-11 23:44:14   INFO [Pages.BasePage] : Home Page was opened
2014-22-11 23:44:16   INFO [Pages.BasePage] : LogIn button was clicked
2014-22-11 23:44:19   INFO [Pages.BasePage] : LogIn button via FaceBook was clicked
2014-22-11 23:44:25   INFO [Pages.BasePage] : User is logged in
2014-22-11 23:44:30   INFO [Pages.BasePage] : Home Page was opened
2014-22-11 23:44:32   INFO [Pages.BasePage] : SignUp button was clicked
2014-22-11 23:44:37   INFO [Pages.BasePage] : User is logged in
2014-22-11 23:44:41   INFO [Pages.BasePage] : Home Page was opened
2014-22-11 23:44:43   INFO [Pages.BasePage] : SignUp button was clicked
2014-22-11 23:44:46   INFO [Pages.BasePage] : User is logged in
2014-23-11 00:21:48   INFO [utils.TestCondition] : Log in test via email is started
2014-23-11 00:22:03   INFO [Pages.BasePage] : Home Page was opened
2014-23-11 00:22:08   INFO [Pages.BasePage] : LogIn button was clicked
2014-23-11 00:22:10   INFO [Pages.BasePage] : Entered email - vit.radchenko@gmail.com
2014-23-11 00:22:10   INFO [Pages.BasePage] : Entered email - QWErty654321
2014-23-11 00:22:10   INFO [Pages.BasePage] : Selected Check Box
2014-23-11 00:22:10   INFO [Pages.BasePage] : LogIn button was clicked
2014-23-11 00:22:10   INFO [Pages.BasePage] : User is logged in
2014-23-11 00:22:10   INFO [utils.TestCondition] : Log in test via email is finished
2014-23-11 00:23:09   INFO [utils.TestCondition] : Log in test via email is started
2014-23-11 00:23:24   INFO [Pages.BasePage] : Home Page was opened
2014-23-11 00:23:29   INFO [Pages.BasePage] : LogIn button was clicked
2014-23-11 00:23:31   INFO [Pages.BasePage] : Entered email - vit.radchenko@gmail.com
2014-23-11 00:23:31   INFO [Pages.BasePage] : Entered email - QWErty654321
2014-23-11 00:23:31   INFO [Pages.BasePage] : Selected Check Box
2014-23-11 00:23:31   INFO [Pages.BasePage] : LogIn button was clicked
2014-23-11 00:23:31   INFO [Pages.BasePage] : User is logged in
2014-23-11 00:23:31   INFO [utils.TestCondition] : Log in test via email is finished
2014-23-11 00:23:31   INFO [utils.TestCondition] : Log in test via FaceBook is started
2014-23-11 00:23:35   INFO [Pages.BasePage] : Home Page was opened
2014-23-11 00:23:37   INFO [Pages.BasePage] : LogIn button was clicked
2014-23-11 00:23:38   INFO [Pages.BasePage] : LogIn button via FaceBook was clicked
2014-23-11 00:23:45   INFO [Pages.BasePage] : User is logged in
2014-23-11 00:23:45   INFO [utils.TestCondition] : Log in test via FaceBook is finished
2014-23-11 00:24:31   INFO [utils.TestCondition] : Log in test via email is started
2014-23-11 00:24:54   INFO [Pages.BasePage] : Home Page was opened
2014-23-11 00:24:58   INFO [Pages.BasePage] : LogIn button was clicked
2014-23-11 00:24:59   INFO [Pages.BasePage] : Entered email - vit.radchenko@gmail.com
2014-23-11 00:25:00   INFO [Pages.BasePage] : Entered email - QWErty654321
2014-23-11 00:25:00   INFO [Pages.BasePage] : Selected Check Box
2014-23-11 00:25:00   INFO [Pages.BasePage] : LogIn button was clicked
2014-23-11 00:25:00   INFO [Pages.BasePage] : User is logged in
2014-23-11 00:25:00   INFO [utils.TestCondition] : Log in test via email is finished
2014-23-11 00:25:00   INFO [utils.TestCondition] : Log in test via FaceBook is started
2014-23-11 00:25:04   INFO [Pages.BasePage] : Home Page was opened
2014-23-11 00:25:05   INFO [Pages.BasePage] : LogIn button was clicked
2014-23-11 00:25:06   INFO [Pages.BasePage] : LogIn button via FaceBook was clicked
2014-23-11 00:25:12   INFO [Pages.BasePage] : User is logged in
2014-23-11 00:25:12   INFO [utils.TestCondition] : Log in test via FaceBook is finished
2014-23-11 01:19:55   INFO [utils.TestCondition] : Log in test via email is started
2014-23-11 01:20:00   INFO [Pages.BasePage] : Home Page was opened
2014-23-11 01:20:06   INFO [Pages.BasePage] : LogIn button was clicked
2014-23-11 01:20:07   INFO [Pages.BasePage] : Entered email - vit.radchenko@gmail.com
2014-23-11 01:20:07   INFO [Pages.BasePage] : Entered email - QWErty654321
2014-23-11 01:20:08   INFO [Pages.BasePage] : Selected Check Box
2014-23-11 01:20:08   INFO [Pages.BasePage] : LogIn button was clicked
2014-23-11 01:20:08   INFO [Pages.BasePage] : User is logged in
2014-23-11 01:20:08   INFO [utils.TestCondition] : Log in test via email is finished
2014-23-11 01:20:08   INFO [utils.TestCondition] : Log in test via FaceBook is started
2014-23-11 01:20:11   INFO [Pages.BasePage] : Home Page was opened
2014-23-11 01:20:13   INFO [Pages.BasePage] : LogIn button was clicked
2014-23-11 01:20:14   INFO [Pages.BasePage] : LogIn button via FaceBook was clicked
2014-23-11 01:20:22   INFO [Pages.BasePage] : User is logged in
2014-23-11 01:20:22   INFO [utils.TestCondition] : Log in test via FaceBook is finished
2014-23-11 01:20:25   INFO [Pages.BasePage] : Home Page was opened
2014-23-11 01:20:28   INFO [Pages.BasePage] : SignUp button was clicked
2014-23-11 01:20:32   INFO [Pages.BasePage] : User is logged in
2014-23-11 01:20:36   INFO [Pages.BasePage] : Home Page was opened
2014-23-11 01:21:49   INFO [utils.TestCondition] : Log in test via email is started
2014-23-11 01:21:54   INFO [Pages.BasePage] : Home Page was opened
2014-23-11 01:21:59   INFO [Pages.BasePage] : LogIn button was clicked
2014-23-11 01:22:00   INFO [Pages.BasePage] : Entered email - vit.radchenko@gmail.com
2014-23-11 01:22:00   INFO [Pages.BasePage] : Entered email - QWErty654321
2014-23-11 01:22:00   INFO [Pages.BasePage] : Selected Check Box
2014-23-11 01:22:01   INFO [Pages.BasePage] : LogIn button was clicked
2014-23-11 01:22:01   INFO [Pages.BasePage] : User is logged in
2014-23-11 01:22:01   INFO [utils.TestCondition] : Log in test via email is finished
2014-23-11 01:22:01   INFO [utils.TestCondition] : Log in test via FaceBook is started
2014-23-11 01:22:04   INFO [Pages.BasePage] : Home Page was opened
2014-23-11 01:22:05   INFO [Pages.BasePage] : LogIn button was clicked
2014-23-11 01:22:08   INFO [Pages.BasePage] : LogIn button via FaceBook was clicked
2014-23-11 01:22:14   INFO [Pages.BasePage] : User is logged in
2014-23-11 01:22:14   INFO [utils.TestCondition] : Log in test via FaceBook is finished
2014-23-11 01:22:20   INFO [Pages.BasePage] : Home Page was opened
2014-23-11 01:22:21   INFO [Pages.BasePage] : SignUp button was clicked
2014-23-11 01:22:25   INFO [Pages.BasePage] : User is logged in
2014-23-11 01:22:29   INFO [Pages.BasePage] : Home Page was opened
2014-23-11 01:23:21   INFO [utils.TestCondition] : Log in test via email is started
2014-23-11 01:23:27   INFO [Pages.BasePage] : Home Page was opened
2014-23-11 01:23:33   INFO [Pages.BasePage] : LogIn button was clicked
2014-23-11 01:23:34   INFO [Pages.BasePage] : Entered email - vit.radchenko@gmail.com
2014-23-11 01:23:34   INFO [Pages.BasePage] : Entered email - QWErty654321
2014-23-11 01:23:35   INFO [Pages.BasePage] : Selected Check Box
2014-23-11 01:23:35   INFO [Pages.BasePage] : LogIn button was clicked
2014-23-11 01:23:35   INFO [Pages.BasePage] : User is logged in
2014-23-11 01:23:35   INFO [utils.TestCondition] : Log in test via email is finished
2014-23-11 01:23:35   INFO [utils.TestCondition] : Log in test via FaceBook is started
2014-23-11 01:23:39   INFO [Pages.BasePage] : Home Page was opened
2014-23-11 01:23:40   INFO [Pages.BasePage] : LogIn button was clicked
2014-23-11 01:23:42   INFO [Pages.BasePage] : LogIn button via FaceBook was clicked
2014-23-11 01:23:48   INFO [Pages.BasePage] : User is logged in
2014-23-11 01:23:48   INFO [utils.TestCondition] : Log in test via FaceBook is finished
2014-23-11 01:23:52   INFO [Pages.BasePage] : Home Page was opened
2014-23-11 01:24:03   INFO [Pages.BasePage] : Home Page was opened
2014-23-11 01:24:05   INFO [Pages.BasePage] : SignUp button was clicked
2014-23-11 01:24:08   INFO [Pages.BasePage] : User is logged in
2014-23-11 01:28:01   INFO [utils.TestCondition] : Log in test via email is started
2014-23-11 01:28:06   INFO [Pages.BasePage] : Home Page was opened
2014-23-11 01:28:10   INFO [Pages.BasePage] : LogIn button was clicked
2014-23-11 01:28:12   INFO [Pages.BasePage] : Entered email - vit.radchenko@gmail.com
2014-23-11 01:28:12   INFO [Pages.BasePage] : Entered email - QWErty654321
2014-23-11 01:28:12   INFO [Pages.BasePage] : Selected Check Box
2014-23-11 01:28:12   INFO [Pages.BasePage] : LogIn button was clicked
2014-23-11 01:28:12   INFO [Pages.BasePage] : User is logged in
2014-23-11 01:28:12   INFO [utils.TestCondition] : Log in test via email is finished
2014-23-11 01:28:12   INFO [utils.TestCondition] : Log in test via FaceBook is started
2014-23-11 01:28:16   INFO [Pages.BasePage] : Home Page was opened
2014-23-11 01:28:17   INFO [Pages.BasePage] : LogIn button was clicked
2014-23-11 01:28:18   INFO [Pages.BasePage] : LogIn button via FaceBook was clicked
2014-23-11 01:28:24   INFO [Pages.BasePage] : User is logged in
2014-23-11 01:28:24   INFO [utils.TestCondition] : Log in test via FaceBook is finished
2014-23-11 01:28:28   INFO [Pages.BasePage] : Home Page was opened
2014-23-11 01:28:29   INFO [Pages.BasePage] : SignUp button was clicked
2014-23-11 01:28:33   INFO [Pages.BasePage] : User is logged in
2014-23-11 01:28:37   INFO [Pages.BasePage] : Home Page was opened
2014-23-11 01:28:38   INFO [Pages.BasePage] : SignUp button was clicked
2014-23-11 01:28:41   INFO [Pages.BasePage] : User is logged in
2014-23-11 01:30:04   INFO [utils.TestCondition] : Log in test via email is started
2014-23-11 01:30:12   INFO [Pages.BasePage] : Home Page was opened
2014-23-11 01:30:16   INFO [Pages.BasePage] : LogIn button was clicked
2014-23-11 01:30:18   INFO [Pages.BasePage] : Entered email - vit.radchenko@gmail.com
2014-23-11 01:30:18   INFO [Pages.BasePage] : Entered email - QWErty654321
2014-23-11 01:30:18   INFO [Pages.BasePage] : Selected Check Box
2014-23-11 01:30:18   INFO [Pages.BasePage] : LogIn button was clicked
2014-23-11 01:30:19   INFO [Pages.BasePage] : User is logged in
2014-23-11 01:30:19   INFO [utils.TestCondition] : Log in test via email is finished
2014-23-11 01:30:19   INFO [utils.TestCondition] : Log in test via FaceBook is started
2014-23-11 01:30:22   INFO [Pages.BasePage] : Home Page was opened
2014-23-11 01:30:24   INFO [Pages.BasePage] : LogIn button was clicked
2014-23-11 01:30:25   INFO [Pages.BasePage] : LogIn button via FaceBook was clicked
2014-23-11 01:30:32   INFO [Pages.BasePage] : User is logged in
2014-23-11 01:30:32   INFO [utils.TestCondition] : Log in test via FaceBook is finished
2014-23-11 01:30:36   INFO [Pages.BasePage] : Home Page was opened
2014-23-11 01:30:37   INFO [Pages.BasePage] : SignUp button was clicked
2014-23-11 01:30:40   INFO [Pages.BasePage] : User is logged in
2014-23-11 01:30:44   INFO [Pages.BasePage] : Home Page was opened
2014-23-11 01:30:46   INFO [Pages.BasePage] : SignUp button was clicked
2014-23-11 01:30:48   INFO [Pages.BasePage] : User is logged in
2014-23-11 01:33:06   INFO [utils.TestCondition] : Log in test via email is started
2014-23-11 01:33:11   INFO [Pages.BasePage] : Home Page was opened
2014-23-11 01:33:15   INFO [Pages.BasePage] : LogIn button was clicked
2014-23-11 01:33:16   INFO [Pages.BasePage] : Entered email - vit.radchenko@gmail.com
2014-23-11 01:33:16   INFO [Pages.BasePage] : Entered email - QWErty654321
2014-23-11 01:33:17   INFO [Pages.BasePage] : Selected Check Box
2014-23-11 01:33:17   INFO [Pages.BasePage] : LogIn button was clicked
2014-23-11 01:33:17   INFO [Pages.BasePage] : User is logged in
2014-23-11 01:33:17   INFO [utils.TestCondition] : Log in test via email is finished
2014-23-11 01:33:17   INFO [utils.TestCondition] : Log in test via FaceBook is started
2014-23-11 01:33:20   INFO [Pages.BasePage] : Home Page was opened
2014-23-11 01:33:22   INFO [Pages.BasePage] : LogIn button was clicked
2014-23-11 01:33:23   INFO [Pages.BasePage] : LogIn button via FaceBook was clicked
2014-23-11 01:33:29   INFO [Pages.BasePage] : User is logged in
2014-23-11 01:33:29   INFO [utils.TestCondition] : Log in test via FaceBook is finished
2014-23-11 01:36:12   INFO [utils.TestCondition] : Log in test via email is started
2014-23-11 01:36:17   INFO [Pages.BasePage] : Home Page was opened
2014-23-11 01:36:22   INFO [Pages.BasePage] : LogIn button was clicked
2014-23-11 01:36:24   INFO [Pages.BasePage] : Entered email - vit.radchenko@gmail.com
2014-23-11 01:36:24   INFO [Pages.BasePage] : Entered email - QWErty654321
2014-23-11 01:36:24   INFO [Pages.BasePage] : Selected Check Box
2014-23-11 01:36:25   INFO [Pages.BasePage] : LogIn button was clicked
2014-23-11 01:36:25   INFO [Pages.BasePage] : User is logged in
2014-23-11 01:36:25   INFO [utils.TestCondition] : Log in test via email is finished
2014-23-11 01:36:25   INFO [utils.TestCondition] : Log in test via FaceBook is started
2014-23-11 01:36:28   INFO [Pages.BasePage] : Home Page was opened
2014-23-11 01:36:30   INFO [Pages.BasePage] : LogIn button was clicked
2014-23-11 01:36:31   INFO [Pages.BasePage] : LogIn button via FaceBook was clicked
2014-23-11 01:36:37   INFO [Pages.BasePage] : User is logged in
2014-23-11 01:36:37   INFO [utils.TestCondition] : Log in test via FaceBook is finished
2014-23-11 01:37:34   INFO [utils.TestCondition] : Log in test via email is started
2014-23-11 01:37:39   INFO [Pages.BasePage] : Home Page was opened
2014-23-11 01:37:44   INFO [Pages.BasePage] : LogIn button was clicked
2014-23-11 01:37:45   INFO [Pages.BasePage] : Entered email - vit.radchenko@gmail.com
2014-23-11 01:37:46   INFO [Pages.BasePage] : Entered email - QWErty654321
2014-23-11 01:37:46   INFO [Pages.BasePage] : Selected Check Box
2014-23-11 01:37:46   INFO [Pages.BasePage] : LogIn button was clicked
2014-23-11 01:37:46   INFO [Pages.BasePage] : User is logged in
2014-23-11 01:37:46   INFO [utils.TestCondition] : Log in test via email is finished
2014-23-11 01:38:35   INFO [utils.TestCondition] : Log in test via FaceBook is started
2014-23-11 01:38:40   INFO [Pages.BasePage] : Home Page was opened
2014-23-11 01:38:42   INFO [Pages.BasePage] : LogIn button was clicked
2014-23-11 01:38:43   INFO [Pages.BasePage] : LogIn button via FaceBook was clicked
2014-23-11 01:38:50   INFO [Pages.BasePage] : User is logged in
2014-23-11 01:38:50   INFO [utils.TestCondition] : Log in test via FaceBook is finished
2014-23-11 01:39:53   INFO [utils.TestCondition] : Log in test via email is started
2014-23-11 01:39:58   INFO [Pages.BasePage] : Home Page was opened
2014-23-11 01:40:02   INFO [Pages.BasePage] : LogIn button was clicked
2014-23-11 01:40:04   INFO [Pages.BasePage] : Entered email - vit.radchenko@gmail.com
2014-23-11 01:40:04   INFO [Pages.BasePage] : Entered email - QWErty654321
2014-23-11 01:40:04   INFO [Pages.BasePage] : Selected Check Box
2014-23-11 01:40:05   INFO [Pages.BasePage] : LogIn button was clicked
2014-23-11 01:40:05   INFO [Pages.BasePage] : User is logged in
2014-23-11 01:40:05   INFO [utils.TestCondition] : Log in test via email is finished
2014-23-11 01:40:11   INFO [utils.TestCondition] : Log in test via FaceBook is started
2014-23-11 01:40:16   INFO [Pages.BasePage] : Home Page was opened
2014-23-11 01:40:18   INFO [Pages.BasePage] : LogIn button was clicked
2014-23-11 01:40:20   INFO [Pages.BasePage] : LogIn button via FaceBook was clicked
2014-23-11 01:40:25   INFO [Pages.BasePage] : User is logged in
2014-23-11 01:40:25   INFO [utils.TestCondition] : Log in test via FaceBook is finished
2014-23-11 01:40:37   INFO [Pages.BasePage] : Home Page was opened
2014-23-11 01:40:49   INFO [Pages.BasePage] : Home Page was opened
2014-23-11 01:40:51   INFO [Pages.BasePage] : SignUp button was clicked
2014-23-11 01:40:54   INFO [Pages.BasePage] : User is logged in
2014-23-11 01:52:00   INFO [utils.TestCondition] : Log in test via email is started
2014-23-11 01:52:06   INFO [Pages.BasePage] : Home Page was opened
2014-23-11 01:52:10   INFO [Pages.BasePage] : LogIn button was clicked
2014-23-11 01:52:12   INFO [Pages.BasePage] : Entered email - vit.radchenko@gmail.com
2014-23-11 01:52:12   INFO [Pages.BasePage] : Entered email - QWErty654321
2014-23-11 01:52:12   INFO [Pages.BasePage] : Selected Check Box
2014-23-11 01:52:12   INFO [Pages.BasePage] : LogIn button was clicked
2014-23-11 01:52:12   INFO [Pages.BasePage] : User is logged in
2014-23-11 01:52:12   INFO [utils.TestCondition] : Log in test via email is finished
2014-23-11 01:52:12   INFO [Pages.BasePage] : User is logged in
2014-23-11 01:52:26   INFO [utils.TestCondition] : Log in test via FaceBook is started
2014-23-11 01:52:32   INFO [Pages.BasePage] : Home Page was opened
2014-23-11 01:52:34   INFO [Pages.BasePage] : LogIn button was clicked
2014-23-11 01:52:36   INFO [Pages.BasePage] : LogIn button via FaceBook was clicked
2014-23-11 01:52:44   INFO [Pages.BasePage] : User is logged in
2014-23-11 01:52:44   INFO [utils.TestCondition] : Log in test via FaceBook is finished
2014-23-11 01:52:44   INFO [Pages.BasePage] : User is logged in
2014-23-11 01:53:04   INFO [Pages.BasePage] : Home Page was opened
2014-23-11 01:53:06   INFO [Pages.BasePage] : SignUp button was clicked
2014-23-11 01:53:09   INFO [Pages.BasePage] : User is logged in
2014-23-11 01:53:14   INFO [Pages.BasePage] : Home Page was opened
2014-23-11 01:53:15   INFO [Pages.BasePage] : SignUp button was clicked
2014-23-11 01:53:18   INFO [Pages.BasePage] : User is logged in
